2019-10-06T12:44:09.317Z - normal: Load ~/.CocosCreator/settings.json
2019-10-06T12:44:09.321Z - normal: checking language setting...
2019-10-06T12:44:09.321Z - normal: Language: en
2019-10-06T12:44:09.976Z - success: protocol editor-framework registered
2019-10-06T12:44:09.976Z - success: protocol app registered
2019-10-06T12:44:09.977Z - success: protocol theme registered
2019-10-06T12:44:09.977Z - success: protocol packages registered
2019-10-06T12:44:09.978Z - success: protocol unpack registerred
2019-10-06T12:44:09.978Z - success: protocol disable-commonjs registerred
2019-10-06T12:44:10.589Z - normal: connected!
2019-10-06T12:44:10.591Z - normal: Check project /Users/minhhien/hien/Work/Unity/QuickMath1
2019-10-06T12:44:10.593Z - normal: Initializing project /Users/minhhien/hien/Work/Unity/QuickMath1
2019-10-06T12:44:10.595Z - normal: Initializing Cocos2d
2019-10-06T12:44:10.962Z - normal: Initializing Asset Database
2019-10-06T12:44:10.995Z - success: protocol uuid registerred
2019-10-06T12:44:10.995Z - success: protocol db registerred
2019-10-06T12:44:10.995Z - success: protocol thumbnail registerred
2019-10-06T12:44:10.995Z - normal: Loading editor/builtin packages
2019-10-06T12:44:11.166Z - success: assets loaded
2019-10-06T12:44:11.176Z - success: builder loaded
2019-10-06T12:44:11.178Z - success: cocos-analytics loaded
2019-10-06T12:44:11.182Z - success: console loaded
2019-10-06T12:44:11.240Z - success: fb-instant-games loaded
2019-10-06T12:44:11.250Z - success: hierarchy loaded
2019-10-06T12:44:11.266Z - success: inspector loaded
2019-10-06T12:44:11.268Z - success: keystore loaded
2019-10-06T12:44:11.275Z - success: node-library loaded
2019-10-06T12:44:11.278Z - success: package-asset loaded
2019-10-06T12:44:11.280Z - success: preferences loaded
2019-10-06T12:44:11.283Z - success: project-exporter loaded
2019-10-06T12:44:11.310Z - success: project-importer loaded
2019-10-06T12:44:11.313Z - success: project-settings loaded
2019-10-06T12:44:11.321Z - success: ui-kit loaded
2019-10-06T12:44:11.328Z - success: scene loaded
2019-10-06T12:44:11.329Z - success: sprite-editor loaded
2019-10-06T12:44:11.333Z - success: store loaded
2019-10-06T12:44:11.341Z - success: timeline loaded
2019-10-06T12:44:11.342Z - normal: Loading builtin packages
2019-10-06T12:44:11.347Z - success: asset-db-debugger loaded
2019-10-06T12:44:11.348Z - success: color-picker loaded
2019-10-06T12:44:11.348Z - success: jsb-adapter loaded
2019-10-06T12:44:11.353Z - success: package-manager loaded
2019-10-06T12:44:11.354Z - success: qqplay-adapter loaded
2019-10-06T12:44:11.360Z - success: sdkbox loaded
2019-10-06T12:44:11.366Z - success: tester loaded
2019-10-06T12:44:11.372Z - success: ui-grid loaded
2019-10-06T12:44:11.375Z - success: ui-kit-preview-extra loaded
2019-10-06T12:44:11.379Z - success: ui-kit-preview loaded
2019-10-06T12:44:11.383Z - success: ui-tree loaded
2019-10-06T12:44:11.384Z - success: weapp-adapter loaded
2019-10-06T12:44:12.431Z - normal: Loading packages
2019-10-06T12:44:12.440Z - normal: Watching packages
2019-10-06T12:44:12.531Z - normal: Run Application
2019-10-06T12:44:13.493Z - success: preview server running at http://localhost:7456
